<?xml version="1.0" encoding="UTF-8"?>
<!-- Generated by org.testng.reporters.JUnitReportReporter -->
<testsuite hostname="LAPTOP-0E4SUFBQ" failures="0" tests="5" name="TestCases.LoginTestCase" time="0.375" errors="0" timestamp="2023-05-08T09:32:05 EDT" skipped="0">
  <testcase classname="TestCases.LoginTestCase" name="login" time="0.234"/>
  <system-out/>
  <testcase classname="TestCases.LoginTestCase" name="verifyLogo" time="0.032"/>
  <system-out/>
  <testcase classname="TestCases.LoginTestCase" name="verifyTile" time="0.005"/>
  <system-out/>
  <testcase classname="TestCases.LoginTestCase" name="verifyeNoOFProduct" time="0.011"/>
  <system-out/>
  <testcase classname="TestCases.LoginTestCase" name="verifyFilter" time="0.093"/>
  <system-out/>
</testsuite> <!-- TestCases.LoginTestCase -->
